<?xml version="1.0" encoding="UTF-8"?>
<testng-results ignored="0" total="1" passed="1" failed="0" skipped="0">
  <reporter-output>
  </reporter-output>
  <suite started-at="2020-09-24T09:27:11 IST" name="Default suite" finished-at="2020-09-24T09:29:12 IST" duration-ms="121049">
    <groups>
    </groups>
    <test started-at="2020-09-24T09:27:11 IST" name="Default test" finished-at="2020-09-24T09:29:12 IST" duration-ms="121049">
      <class name="test.CrossAsystScenario">
        <test-method is-config="true" signature="initilizeDriver()[pri:0, instance:test.CrossAsystScenario@70be0a2b]" started-at="2020-09-24T09:27:11 IST" name="initilizeDriver" finished-at="2020-09-24T09:27:38 IST" duration-ms="26479" status="PASS">
          <reporter-output>
          </reporter-output>
        </test-method> <!-- initilizeDriver -->
        <test-method signature="flow()[pri:0, instance:test.CrossAsystScenario@70be0a2b]" started-at="2020-09-24T09:27:38 IST" name="flow" finished-at="2020-09-24T09:29:12 IST" duration-ms="94534" status="PASS">
          <reporter-output>
          </reporter-output>
        </test-method> <!-- flow -->
        <test-method is-config="true" signature="closeDriver()[pri:0, instance:test.CrossAsystScenario@70be0a2b]" started-at="2020-09-24T09:29:12 IST" name="closeDriver" finished-at="2020-09-24T09:29:12 IST" duration-ms="0" status="PASS">
          <reporter-output>
          </reporter-output>
        </test-method> <!-- closeDriver -->
      </class> <!-- test.CrossAsystScenario -->
    </test> <!-- Default test -->
  </suite> <!-- Default suite -->
</testng-results>
